info it worked if it ends with ok
verbose cli [ 'node',
verbose cli   '/usr/local/bin/npm',
verbose cli   'install',
verbose cli   'node_router' ]
info using npm@1.0.25
info using node@v0.4.10
verbose /usr/local/bin/node node symlink
verbose config file /Users/stephencreedon/.npmrc
verbose config file /usr/local/etc/npmrc
silly testEngine { name: 'mongodb',
silly testEngine   description: 'A node.js driver for MongoDB',
silly testEngine   version: '0.9.6-10',
silly testEngine   author: 
silly testEngine    { name: 'Christian Amor Kvalheim',
silly testEngine      email: 'christkv@gmail.com' },
silly testEngine   contributors: 
silly testEngine    [ { name: 'Aaron Heckmann' },
silly testEngine      { name: 'Christoph Pojer' },
silly testEngine      { name: 'Pau Ramon Revilla' },
silly testEngine      { name: 'Nathan White' },
silly testEngine      { name: 'Emmerman' },
silly testEngine      { name: 'Seth LaForge' },
silly testEngine      { name: 'Boris Filipov' },
silly testEngine      { name: 'Stefan Schärmeli' },
silly testEngine      { name: 'Tedde Lundgren' },
silly testEngine      { name: 'renctan' },
silly testEngine      { name: 'Sergey Ukustov' },
silly testEngine      { name: 'Ciaran Jessup' },
silly testEngine      { name: 'kuno' },
silly testEngine      { name: 'srimonti' },
silly testEngine      { name: 'Erik Abele' },
silly testEngine      { name: 'Pratik Daga' },
silly testEngine      { name: 'Slobodan Utvic' },
silly testEngine      { name: 'Kristina Chodorow' },
silly testEngine      { name: 'Yonathan Randolph' },
silly testEngine      { name: 'Brian Noguchi' },
silly testEngine      { name: 'Sam Epstein' },
silly testEngine      { name: 'James Harrison Fisher' },
silly testEngine      { name: 'Vladimir Dronnikov' },
silly testEngine      { name: 'Ben Hockey' },
silly testEngine      { name: 'Henrik Johansson' },
silly testEngine      { name: 'Simon Weare' },
silly testEngine      { name: 'Alex Gorbatchev' },
silly testEngine      { name: 'Shimon Doodkin' },
silly testEngine      { name: 'Kyle Mueller' },
silly testEngine      { name: 'Eran Hammer-Lahav' },
silly testEngine      { name: 'Marcin Ciszak' },
silly testEngine      { name: 'François de Metz' },
silly testEngine      { name: 'Vinay Pulim' },
silly testEngine      { name: 'nstielau' },
silly testEngine      { name: 'Adam Wiggins' },
silly testEngine      { name: 'entrinzikyl' },
silly testEngine      { name: 'Jeremy Selier' },
silly testEngine      { name: 'Ian Millington' },
silly testEngine      { name: 'Public Keating' },
silly testEngine      { name: 'andrewjstone' },
silly testEngine      { name: 'Christopher Stott' },
silly testEngine      { name: 'Corey Jewett' },
silly testEngine      { name: 'brettkiefer' },
silly testEngine      { name: 'Rob Holland' },
silly testEngine      { name: 'Senmiao Liu' },
silly testEngine      { name: 'heroic' },
silly testEngine      { name: 'gitfy' } ],
silly testEngine   repository: 
silly testEngine    { type: 'git',
silly testEngine      url: 'git://github.com/christkv/node-mongodb-native.git' },
silly testEngine   bugs: 
silly testEngine    { email: 'node-mongodb-native@googlegroups.com',
silly testEngine      url: 'http://github.com/christkv/node-mongodb-native/issues' },
silly testEngine   os: [ 'linux', 'darwin', 'freebsd' ],
silly testEngine   config: { native: false },
silly testEngine   main: './lib/mongodb/index',
silly testEngine   directories: { lib: './lib/mongodb' },
silly testEngine   engines: { node: '>=0.4.0' },
silly testEngine   scripts: { install: 'bash ./install.sh' },
silly testEngine   licenses: 
silly testEngine    [ { type: 'Apache License, Version 2.0',
silly testEngine        url: 'http://www.apache.org/licenses/LICENSE-2.0' } ],
silly testEngine   _npmJsonOpts: 
silly testEngine    { file: '/Users/stephencreedon/devel/github/shopify-mobile/node_modules/mongodb/package.json',
silly testEngine      wscript: false,
silly testEngine      contributors: false,
silly testEngine      serverjs: false },
silly testEngine   _id: 'mongodb@0.9.6-10',
silly testEngine   dependencies: {},
silly testEngine   devDependencies: {},
silly testEngine   _engineSupported: true,
silly testEngine   _npmVersion: '1.0.25',
silly testEngine   _nodeVersion: 'v0.4.10',
silly testEngine   _defaultsLoaded: true }
verbose caching /Users/stephencreedon/devel/github/shopify-mobile/node_modules/mongodb/package.json
verbose loadDefaults mongodb@0.9.6-10
verbose into /Users/stephencreedon/devel/github/shopify-mobile [ 'node_router' ]
verbose cache add node_router
verbose cache add [ 'node_router', null ]
verbose parsed url { pathname: 'node_router', href: 'node_router' }
info addNamed [ 'node_router', '' ]
verbose addNamed [ null, '' ]
verbose GET node_router
verbose raw, before any munging node_router
verbose url resolving [ 'https://registry.npmjs.org/', './node_router' ]
verbose url resolved https://registry.npmjs.org/node_router
verbose url parsed { protocol: 'https:',
verbose url parsed   slashes: true,
verbose url parsed   host: 'registry.npmjs.org',
verbose url parsed   hostname: 'registry.npmjs.org',
verbose url parsed   href: 'https://registry.npmjs.org/node_router',
verbose url parsed   pathname: '/node_router' }
verbose response https://registry.npmjs.org/node_router
silly chunk {"error":"not_found","reason":"document not found"}
silly chunk 
silly get cb [ 404,
silly get cb   { server: 'CouchDB/1.1.0 (Erlang OTP/R14B03)',
silly get cb     date: 'Tue, 16 Aug 2011 22:30:15 GMT',
silly get cb     'content-type': 'application/json',
silly get cb     'content-length': '52',
silly get cb     'cache-control': 'must-revalidate' } ]
ERR! 404 'node_router' is not in the npm registry.
ERR! 404 You should bug the author to publish it.
ERR! 404 Note that you can also install from a tarball or folder.
ERR! 
ERR! System Darwin 10.8.0
ERR! command "node" "/usr/local/bin/npm" "install" "node_router"
ERR! cwd /Users/stephencreedon/devel/github/shopify-mobile/node
ERR! node -v v0.4.10
ERR! npm -v 1.0.25
verbose exit [ 1, true ]
